<?xml version="1.0" encoding="UTF-8"?>
<!-- Generated by org.testng.reporters.JUnitXMLReporter -->
<testsuite hostname="EVT02096NB" ignored="0" name="Default test" tests="3" failures="0" timestamp="10 Kas 2021 08:34:26 GMT" time="4.427" errors="0">
  <testcase name="ViewVeterinariansFurther" time="3.341" classname="org.springframework.samples.petclinic.ViewVeterinariansSeleniumWebDriverTest"/>
  <testcase name="ViewVeteriansBack" time="0.436" classname="org.springframework.samples.petclinic.ViewVeterinariansSeleniumWebDriverTest"/>
  <testcase name="ViewVeteriansExample" time="0.193" classname="org.springframework.samples.petclinic.ViewVeterinariansSeleniumWebDriverTest"/>
</testsuite> <!-- Default test -->
